[INFO] Scanning for projects...
[INFO] 
[INFO] --------------------------< com.hsware:CACS >---------------------------
[INFO] Building CACS 0.0.1-SNAPSHOT
[INFO]   from pom.xml
[INFO] --------------------------------[ war ]---------------------------------
[INFO] 
[INFO] >>> spring-boot:4.0.2:run (default-cli) > test-compile @ CACS >>>
[INFO] 
[INFO] --- resources:3.3.1:resources (default-resources) @ CACS ---
[INFO] Copying 2 resources from src/main/resources to target/classes
[INFO] Copying 3 resources from src/main/resources to target/classes
[INFO] 
[INFO] --- compiler:3.14.1:compile (default-compile) @ CACS ---
[INFO] Nothing to compile - all classes are up to date.
[INFO] 
[INFO] --- resources:3.3.1:testResources (default-testResources) @ CACS ---
[INFO] Copying 1 resource from src/test/resources to target/test-classes
[INFO] 
[INFO] --- compiler:3.14.1:testCompile (default-testCompile) @ CACS ---
[INFO] Nothing to compile - all classes are up to date.
[INFO] 
[INFO] <<< spring-boot:4.0.2:run (default-cli) < test-compile @ CACS <<<
[INFO] 
[INFO] 
[INFO] --- spring-boot:4.0.2:run (default-cli) @ CACS ---
[INFO] Attaching agents: []

  .   ____          _            __ _ _
 /\\ / ___'_ __ _ _(_)_ __  __ _ \ \ \ \
( ( )\___ | '_ | '_| | '_ \/ _` | \ \ \ \
 \\/  ___)| |_)| | | | | || (_| |  ) ) ) )
  '  |____| .__|_| |_|_| |_\__, | / / / /
 =========|_|==============|___/=/_/_/_/

 :: Spring Boot ::                (v4.0.2)

2026-04-02T22:21:28.893+01:00  INFO 66624 --- [CACS] [           main] com.hsware.cacs.CacsApplication          : Starting CacsApplication using Java 21.0.9 with PID 66624 (/home/akram/Documents/CACS/HSWARE/CACS/target/classes started by akram in /home/akram/Documents/CACS/HSWARE/CACS)
2026-04-02T22:21:28.896+01:00  INFO 66624 --- [CACS] [           main] com.hsware.cacs.CacsApplication          : No active profile set, falling back to 1 default profile: "default"
2026-04-02T22:21:29.479+01:00  INFO 66624 --- [CACS] [           main] .s.d.r.c.RepositoryConfigurationDelegate : Multiple Spring Data modules found, entering strict repository configuration mode
2026-04-02T22:21:29.481+01:00  INFO 66624 --- [CACS] [           main] .s.d.r.c.RepositoryConfigurationDelegate : Bootstrapping Spring Data JPA repositories in DEFAULT mode.
2026-04-02T22:21:29.571+01:00  INFO 66624 --- [CACS] [           main] .s.d.r.c.RepositoryConfigurationDelegate : Finished Spring Data repository scanning in 85 ms. Found 8 JPA repository interfaces.
2026-04-02T22:21:29.601+01:00  INFO 66624 --- [CACS] [           main] .s.d.r.c.RepositoryConfigurationDelegate : Multiple Spring Data modules found, entering strict repository configuration mode
2026-04-02T22:21:29.602+01:00  INFO 66624 --- [CACS] [           main] .s.d.r.c.RepositoryConfigurationDelegate : Bootstrapping Spring Data Redis repositories in DEFAULT mode.
2026-04-02T22:21:29.612+01:00  INFO 66624 --- [CACS] [           main] .RepositoryConfigurationExtensionSupport : Spring Data Redis - Could not safely identify store assignment for repository candidate interface com.hsware.cacs.repository.AccessCardRepository; If you want this repository to be a Redis repository, consider annotating your entities with one of these annotations: org.springframework.data.redis.core.RedisHash (preferred), or consider extending one of the following types with your repository: org.springframework.data.keyvalue.repository.KeyValueRepository
2026-04-02T22:21:29.612+01:00  INFO 66624 --- [CACS] [           main] .RepositoryConfigurationExtensionSupport : Spring Data Redis - Could not safely identify store assignment for repository candidate interface com.hsware.cacs.repository.DeviceRepository; If you want this repository to be a Redis repository, consider annotating your entities with one of these annotations: org.springframework.data.redis.core.RedisHash (preferred), or consider extending one of the following types with your repository: org.springframework.data.keyvalue.repository.KeyValueRepository
2026-04-02T22:21:29.612+01:00  INFO 66624 --- [CACS] [           main] .RepositoryConfigurationExtensionSupport : Spring Data Redis - Could not safely identify store assignment for repository candidate interface com.hsware.cacs.repository.DoorRepository; If you want this repository to be a Redis repository, consider annotating your entities with one of these annotations: org.springframework.data.redis.core.RedisHash (preferred), or consider extending one of the following types with your repository: org.springframework.data.keyvalue.repository.KeyValueRepository
2026-04-02T22:21:29.612+01:00  INFO 66624 --- [CACS] [           main] .RepositoryConfigurationExtensionSupport : Spring Data Redis - Could not safely identify store assignment for repository candidate interface com.hsware.cacs.repository.ProfileRepository; If you want this repository to be a Redis repository, consider annotating your entities with one of these annotations: org.springframework.data.redis.core.RedisHash (preferred), or consider extending one of the following types with your repository: org.springframework.data.keyvalue.repository.KeyValueRepository
2026-04-02T22:21:29.612+01:00  INFO 66624 --- [CACS] [           main] .RepositoryConfigurationExtensionSupport : Spring Data Redis - Could not safely identify store assignment for repository candidate interface com.hsware.cacs.repository.ScheduleRepository; If you want this repository to be a Redis repository, consider annotating your entities with one of these annotations: org.springframework.data.redis.core.RedisHash (preferred), or consider extending one of the following types with your repository: org.springframework.data.keyvalue.repository.KeyValueRepository
2026-04-02T22:21:29.613+01:00  INFO 66624 --- [CACS] [           main] .RepositoryConfigurationExtensionSupport : Spring Data Redis - Could not safely identify store assignment for repository candidate interface com.hsware.cacs.repository.UserRepository; If you want this repository to be a Redis repository, consider annotating your entities with one of these annotations: org.springframework.data.redis.core.RedisHash (preferred), or consider extending one of the following types with your repository: org.springframework.data.keyvalue.repository.KeyValueRepository
2026-04-02T22:21:29.613+01:00  INFO 66624 --- [CACS] [           main] .RepositoryConfigurationExtensionSupport : Spring Data Redis - Could not safely identify store assignment for repository candidate interface com.hsware.cacs.repository.ZoneRepository; If you want this repository to be a Redis repository, consider annotating your entities with one of these annotations: org.springframework.data.redis.core.RedisHash (preferred), or consider extending one of the following types with your repository: org.springframework.data.keyvalue.repository.KeyValueRepository
2026-04-02T22:21:29.613+01:00  INFO 66624 --- [CACS] [           main] .RepositoryConfigurationExtensionSupport : Spring Data Redis - Could not safely identify store assignment for repository candidate interface com.hsware.cacs.repository.ZoneTypeRepository; If you want this repository to be a Redis repository, consider annotating your entities with one of these annotations: org.springframework.data.redis.core.RedisHash (preferred), or consider extending one of the following types with your repository: org.springframework.data.keyvalue.repository.KeyValueRepository
2026-04-02T22:21:29.613+01:00  INFO 66624 --- [CACS] [           main] .s.d.r.c.RepositoryConfigurationDelegate : Finished Spring Data repository scanning in 5 ms. Found 0 Redis repository interfaces.
2026-04-02T22:21:30.126+01:00  INFO 66624 --- [CACS] [           main] o.s.boot.tomcat.TomcatWebServer          : Tomcat initialized with port 8080 (http)
2026-04-02T22:21:30.136+01:00  INFO 66624 --- [CACS] [           main] o.apache.catalina.core.StandardService   : Starting service [Tomcat]
2026-04-02T22:21:30.136+01:00  INFO 66624 --- [CACS] [           main] o.apache.catalina.core.StandardEngine    : Starting Servlet engine: [Apache Tomcat/11.0.15]
2026-04-02T22:21:30.167+01:00  INFO 66624 --- [CACS] [           main] b.w.c.s.WebApplicationContextInitializer : Root WebApplicationContext: initialization completed in 1242 ms
2026-04-02T22:21:30.575+01:00  INFO 66624 --- [CACS] [           main] org.hibernate.orm.jpa                    : HHH008540: Processing PersistenceUnitInfo [name: default]
2026-04-02T22:21:30.606+01:00  INFO 66624 --- [CACS] [           main] org.hibernate.orm.core                   : HHH000001: Hibernate ORM core version 7.2.1.Final
2026-04-02T22:21:30.870+01:00  INFO 66624 --- [CACS] [           main] o.s.o.j.p.SpringPersistenceUnitInfo      : No LoadTimeWeaver setup: ignoring JPA class transformer
2026-04-02T22:21:30.891+01:00  INFO 66624 --- [CACS] [           main] com.zaxxer.hikari.HikariDataSource       : HikariPool-1 - Starting...
2026-04-02T22:21:30.990+01:00  INFO 66624 --- [CACS] [           main] com.zaxxer.hikari.pool.HikariPool        : HikariPool-1 - Added connection org.postgresql.jdbc.PgConnection@2daf0cc9
2026-04-02T22:21:30.991+01:00  INFO 66624 --- [CACS] [           main] com.zaxxer.hikari.HikariDataSource       : HikariPool-1 - Start completed.
2026-04-02T22:21:31.036+01:00  INFO 66624 --- [CACS] [           main] org.hibernate.orm.connections.pooling    : HHH10001005: Database info:
	Database JDBC URL [jdbc:postgresql://localhost:5432/cacs]
	Database driver: PostgreSQL JDBC Driver
	Database dialect: PostgreSQLDialect
	Database version: 16.11
	Default catalog/schema: cacs/public
	Autocommit mode: undefined/unknown
	Isolation level: READ_COMMITTED [default READ_COMMITTED]
	JDBC fetch size: none
	Pool: DataSourceConnectionProvider
	Minimum pool size: undefined/unknown
	Maximum pool size: undefined/unknown
2026-04-02T22:21:31.818+01:00  INFO 66624 --- [CACS] [           main] org.hibernate.orm.core                   : HHH000489: No JTA platform available (set 'hibernate.transaction.jta.platform' to enable JTA platform integration)
2026-04-02T22:21:31.871+01:00  INFO 66624 --- [CACS] [           main] j.LocalContainerEntityManagerFactoryBean : Initialized JPA EntityManagerFactory for persistence unit 'default'
2026-04-02T22:21:31.933+01:00  INFO 66624 --- [CACS] [           main] o.s.d.j.r.query.QueryEnhancerFactories   : Hibernate is in classpath; If applicable, HQL parser will be used.
2026-04-02T22:21:32.556+01:00  INFO 66624 --- [CACS] [           main] eAuthenticationProviderManagerConfigurer : Global AuthenticationManager configured with AuthenticationProvider bean with name authenticationProvider
2026-04-02T22:21:32.557+01:00  WARN 66624 --- [CACS] [           main] r$InitializeUserDetailsManagerConfigurer : Global AuthenticationManager configured with an AuthenticationProvider bean. UserDetailsService beans will not be used by Spring Security for automatically configuring username/password login. Consider removing the AuthenticationProvider bean. Alternatively, consider using the UserDetailsService in a manually instantiated DaoAuthenticationProvider. If the current configuration is intentional, to turn off this warning, increase the logging level of 'org.springframework.security.config.annotation.authentication.configuration.InitializeUserDetailsBeanManagerConfigurer' to ERROR
2026-04-02T22:21:32.658+01:00  WARN 66624 --- [CACS] [           main] JpaBaseConfiguration$JpaWebConfiguration : spring.jpa.open-in-view is enabled by default. Therefore, database queries may be performed during view rendering. Explicitly configure spring.jpa.open-in-view to disable this warning
2026-04-02T22:21:33.410+01:00  INFO 66624 --- [CACS] [           main] o.s.b.a.e.web.EndpointLinksResolver      : Exposing 1 endpoint beneath base path '/actuator'
2026-04-02T22:21:33.478+01:00  INFO 66624 --- [CACS] [           main] o.s.boot.tomcat.TomcatWebServer          : Tomcat started on port 8080 (http) with context path '/'
2026-04-02T22:21:33.486+01:00  INFO 66624 --- [CACS] [           main] com.hsware.cacs.CacsApplication          : Started CacsApplication in 4.893 seconds (process running for 5.105)
2026-04-02T22:21:39.122+01:00  INFO 66624 --- [CACS] [nio-8080-exec-1] o.a.c.c.C.[Tomcat].[localhost].[/]       : Initializing Spring DispatcherServlet 'dispatcherServlet'
2026-04-02T22:21:39.123+01:00  INFO 66624 --- [CACS] [nio-8080-exec-1] o.s.web.servlet.DispatcherServlet        : Initializing Servlet 'dispatcherServlet'
2026-04-02T22:21:39.124+01:00  INFO 66624 --- [CACS] [nio-8080-exec-1] o.s.web.servlet.DispatcherServlet        : Completed initialization in 1 ms
Hibernate: 
    select
        u1_0.id,
        u1_0.access_card_id,
        u1_0.address,
        u1_0.created_at,
        u1_0.deleted_at,
        u1_0.email,
        u1_0.first_name,
        u1_0.gender,
        u1_0.last_name,
        u1_0.password,
        u1_0.photo_id,
        u1_0.profile_id,
        u1_0.role,
        u1_0.status 
    from
        users u1_0 
    where
        u1_0.email=? 
        and u1_0.deleted_at is null
Hibernate: 
    select
        u1_0.id,
        u1_0.access_card_id,
        u1_0.address,
        u1_0.created_at,
        u1_0.deleted_at,
        u1_0.email,
        u1_0.first_name,
        u1_0.gender,
        u1_0.last_name,
        u1_0.password,
        u1_0.photo_id,
        u1_0.profile_id,
        u1_0.role,
        u1_0.status 
    from
        users u1_0 
    where
        u1_0.email=? 
        and u1_0.deleted_at is null
Hibernate: 
    select
        z1_0.id,
        z1_0.created_at,
        z1_0.deleted_at,
        z1_0.location,
        z1_0.name,
        z1_0.zone_type_id 
    from
        zone z1_0 
    where
        z1_0.id=?
Hibernate: 
    insert 
    into
        door
        (created_at, deleted_at, location, name, zone_id) 
    values
        (?, ?, ?, ?, ?)
Hibernate: 
    select
        d1_0.id,
        d1_0.created_at,
        d1_0.deleted_at,
        d1_0.location,
        d1_0.name,
        d1_0.zone_id 
    from
        door d1_0 
    where
        d1_0.deleted_at is null
Hibernate: 
    select
        z1_0.id,
        z1_0.created_at,
        z1_0.deleted_at,
        z1_0.location,
        z1_0.name,
        z1_0.zone_type_id 
    from
        zone z1_0 
    where
        z1_0.id=?
Hibernate: 
    select
        z1_0.id,
        z1_0.created_at,
        z1_0.deleted_at,
        z1_0.location,
        z1_0.name,
        z1_0.zone_type_id 
    from
        zone z1_0 
    where
        z1_0.id=?
2026-04-02T22:22:39.486+01:00  INFO 66624 --- [CACS] [ionShutdownHook] o.s.boot.tomcat.GracefulShutdown         : Commencing graceful shutdown. Waiting for active requests to complete
2026-04-02T22:22:39.487+01:00  INFO 66624 --- [CACS] [tomcat-shutdown] o.s.boot.tomcat.GracefulShutdown         : Graceful shutdown complete
2026-04-02T22:22:39.496+01:00  INFO 66624 --- [CACS] [ionShutdownHook] j.LocalContainerEntityManagerFactoryBean : Closing JPA EntityManagerFactory for persistence unit 'default'
2026-04-02T22:22:39.498+01:00  INFO 66624 --- [CACS] [ionShutdownHook] com.zaxxer.hikari.HikariDataSource       : HikariPool-1 - Shutdown initiated...
2026-04-02T22:22:39.500+01:00  INFO 66624 --- [CACS] [ionShutdownHook] com.zaxxer.hikari.HikariDataSource       : HikariPool-1 - Shutdown completed.
[INFO] ------------------------------------------------------------------------
[INFO] BUILD FAILURE
[INFO] ------------------------------------------------------------------------
[INFO] Total time:  01:12 min
[INFO] Finished at: 2026-04-02T22:22:39+01:00
[INFO] ------------------------------------------------------------------------
[ERROR] Failed to execute goal org.springframework.boot:spring-boot-maven-plugin:4.0.2:run (default-cli) on project CACS: Process terminated with exit code: 143 -> [Help 1]
[ERROR] 
[ERROR] To see the full stack trace of the errors, re-run Maven with the -e switch.
[ERROR] Re-run Maven using the -X switch to enable full debug logging.
[ERROR] 
[ERROR] For more information about the errors and possible solutions, please read the following articles:
[ERROR] [Help 1] http://cwiki.apache.org/confluence/display/MAVEN/MojoExecutionException
